<?xml version="1.0" encoding="UTF-8"?>
<!-- Generated by org.testng.reporters.JUnitXMLReporter -->
<testsuite hostname="C100-189s-iMac.local" ignored="0" name="Default test" tests="3" failures="0" timestamp="2022-11-10T09:44:12 IST" time="71.331" errors="0">
  <testcase name="submitOrder" time="22.478" classname="newmaven.Tests.submitTest"/>
  <testcase name="submitOrder" time="22.393" classname="newmaven.Tests.submitTest"/>
  <testcase name="ordersHistory" time="0.801" classname="newmaven.Tests.submitTest"/>
</testsuite> <!-- Default test -->
