<?xml version="1.0" encoding="UTF-8"?>
<!-- Generated by org.testng.reporters.JUnitXMLReporter -->
<testsuite hostname="C100-189s-iMac.local" ignored="0" name="Submit Order" tests="3" failures="0" timestamp="2022-10-20T10:05:24 IST" time="59.964" errors="0">
  <testcase name="submitOrder" time="23.551" classname="newmaven.Tests.submitTest"/>
  <testcase name="submitOrder" time="22.564" classname="newmaven.Tests.submitTest"/>
  <testcase name="ordersHistory" time="0.979" classname="newmaven.Tests.submitTest"/>
</testsuite> <!-- Submit Order -->
