<?xml version="1.0" encoding="UTF-8"?>
<!-- Generated by org.testng.reporters.JUnitXMLReporter -->
<testsuite ignored="1" hostname="C100-189s-iMac.local" failures="0" tests="1" name="Error Validations" time="18.577" errors="0" timestamp="2022-11-14T12:29:47 IST">
  <testcase classname="newmaven.Tests.errorMessageValidations" name="loginError" time="1.054"/>
  <testcase classname="newmaven.Tests.errorMessageValidations" name="productMatchValidation" time="0.0">
    <ignored/>
  </testcase> <!-- productMatchValidation -->
</testsuite> <!-- Error Validations -->
