<?xml version="1.0" encoding="UTF-8"?>
<!-- Generated by org.testng.reporters.JUnitXMLReporter -->
<testsuite ignored="1" hostname="C100-189s-iMac.local" failures="0" tests="1" name="Error Validations" time="15.638" errors="0" timestamp="2022-11-10T15:15:46 IST">
  <testcase classname="newmaven.Tests.errorMessageValidations" name="loginError" time="0.629"/>
  <testcase classname="newmaven.Tests.errorMessageValidations" name="productMatchValidation" time="0.0">
    <ignored/>
  </testcase> <!-- productMatchValidation -->
</testsuite> <!-- Error Validations -->
