<?xml version="1.0" encoding="UTF-8"?>
<!-- Generated by org.testng.reporters.JUnitXMLReporter -->
<testsuite ignored="2" hostname="C100-189s-iMac.local" failures="0" tests="0" time="0.036" errors="0" timestamp="2022-11-11T18:12:11 IST">
  <testcase classname="newmaven.Tests.submitTest" name="ordersHistory" time="0.0">
    <ignored/>
  </testcase> <!-- ordersHistory -->
  <testcase classname="newmaven.Tests.submitTest" name="submitOrder" time="0.0">
    <ignored/>
  </testcase> <!-- submitOrder -->
</testsuite>
