<?xml version="1.0" encoding="UTF-8"?>
<testng-results ignored="3" total="4" passed="1" failed="0" skipped="0">
  <reporter-output>
  </reporter-output>
  <suite started-at="2022-11-14T12:29:29 IST" name="Suite" finished-at="2022-11-14T12:29:47 IST" duration-ms="18907">
    <groups>
      <group name="ErrorMessageHandling">
        <method signature="errorMessageValidations.loginError()[pri:0, instance:newmaven.Tests.errorMessageValidations@41e36e46]" name="loginError" class="newmaven.Tests.errorMessageValidations"/>
      </group> <!-- ErrorMessageHandling -->
    </groups>
    <test started-at="2022-11-14T12:29:29 IST" name="Submit Order" finished-at="2022-11-14T12:29:29 IST" duration-ms="18">
    </test> <!-- Submit Order -->
    <test started-at="2022-11-14T12:29:29 IST" name="Error Validations" finished-at="2022-11-14T12:29:47 IST" duration-ms="18577">
      <class name="newmaven.Tests.errorMessageValidations">
        <test-method is-config="true" signature="launchWebsite()[pri:0, instance:newmaven.Tests.errorMessageValidations@41e36e46]" started-at="2022-11-14T12:29:29 IST" name="launchWebsite" finished-at="2022-11-14T12:29:45 IST" duration-ms="16396" status="PASS">
          <reporter-output>
          </reporter-output>
        </test-method> <!-- launchWebsite -->
        <test-method signature="loginError()[pri:0, instance:newmaven.Tests.errorMessageValidations@41e36e46]" started-at="2022-11-14T12:29:45 IST" name="loginError" finished-at="2022-11-14T12:29:46 IST" duration-ms="1054" status="PASS">
          <reporter-output>
          </reporter-output>
        </test-method> <!-- loginError -->
        <test-method is-config="true" signature="closeWebsite()[pri:0, instance:newmaven.Tests.errorMessageValidations@41e36e46]" started-at="2022-11-14T12:29:46 IST" name="closeWebsite" finished-at="2022-11-14T12:29:47 IST" duration-ms="1079" status="PASS">
          <reporter-output>
          </reporter-output>
        </test-method> <!-- closeWebsite -->
      </class> <!-- newmaven.Tests.errorMessageValidations -->
    </test> <!-- Error Validations -->
  </suite> <!-- Suite -->
</testng-results>
